<?xml version="1.0" encoding="UTF-8"?>
<!-- Generated by org.testng.reporters.JUnitXMLReporter -->
<testsuite ignored="0" hostname="LTIN514639" failures="0" tests="3" name="Test" time="123.677" errors="0" timestamp="2024-02-29T14:29:05 IST">
  <testcase classname="testCases.TS01_UpcomingBikes" name="upComingBikes" time="12.603"/>
  <testcase classname="testCases.TS02_UsedCars" name="usedCars" time="20.406"/>
  <testcase classname="testCases.TS03_GoogleSignIn" name="testGoogleSignIn" time="53.157"/>
</testsuite> <!-- Test -->
