<?xml version="1.0" encoding="UTF-8"?>
<testng-results ignored="0" total="3" passed="3" failed="0" skipped="0">
  <reporter-output>
  </reporter-output>
  <suite started-at="2024-02-29T14:27:01 IST" name="Suite" finished-at="2024-02-29T14:29:05 IST" duration-ms="123677">
    <groups>
      <group name="regression">
        <method signature="TS01_UpcomingBikes.upComingBikes()[pri:0, instance:testCases.TS01_UpcomingBikes@4686afc2]" name="upComingBikes" class="testCases.TS01_UpcomingBikes"/>
        <method signature="TS02_UsedCars.usedCars()[pri:0, instance:testCases.TS02_UsedCars@6340e5f0]" name="usedCars" class="testCases.TS02_UsedCars"/>
        <method signature="TS03_GoogleSignIn.testGoogleSignIn()[pri:0, instance:testCases.TS03_GoogleSignIn@45099dd3]" name="testGoogleSignIn" class="testCases.TS03_GoogleSignIn"/>
      </group> <!-- regression -->
      <group name="sanity">
        <method signature="TS01_UpcomingBikes.upComingBikes()[pri:0, instance:testCases.TS01_UpcomingBikes@4686afc2]" name="upComingBikes" class="testCases.TS01_UpcomingBikes"/>
        <method signature="TS02_UsedCars.usedCars()[pri:0, instance:testCases.TS02_UsedCars@6340e5f0]" name="usedCars" class="testCases.TS02_UsedCars"/>
        <method signature="TS03_GoogleSignIn.testGoogleSignIn()[pri:0, instance:testCases.TS03_GoogleSignIn@45099dd3]" name="testGoogleSignIn" class="testCases.TS03_GoogleSignIn"/>
      </group> <!-- sanity -->
    </groups>
    <test started-at="2024-02-29T14:27:01 IST" name="Test" finished-at="2024-02-29T14:29:05 IST" duration-ms="123677">
      <class name="testCases.TS02_UsedCars">
        <test-method is-config="true" signature="setup(java.lang.String)[pri:0, instance:testCases.TS02_UsedCars@6340e5f0]" started-at="2024-02-29T14:27:26 IST" name="setup" finished-at="2024-02-29T14:27:35 IST" duration-ms="9266" status="PASS">
          <params>
            <param index="0">
              <value>
                <![CDATA[Chrome]]>
              </value>
            </param>
          </params>
          <reporter-output>
          </reporter-output>
        </test-method> <!-- setup -->
        <test-method signature="usedCars()[pri:0, instance:testCases.TS02_UsedCars@6340e5f0]" started-at="2024-02-29T14:27:35 IST" name="usedCars" finished-at="2024-02-29T14:27:55 IST" duration-ms="20406" status="PASS">
          <reporter-output>
          </reporter-output>
        </test-method> <!-- usedCars -->
        <test-method is-config="true" signature="teardown()[pri:0, instance:testCases.TS02_UsedCars@6340e5f0]" started-at="2024-02-29T14:27:56 IST" name="teardown" finished-at="2024-02-29T14:27:57 IST" duration-ms="1148" status="PASS">
          <reporter-output>
          </reporter-output>
        </test-method> <!-- teardown -->
      </class> <!-- testCases.TS02_UsedCars -->
      <class name="testCases.TS03_GoogleSignIn">
        <test-method is-config="true" signature="setup(java.lang.String)[pri:0, instance:testCases.TS03_GoogleSignIn@45099dd3]" started-at="2024-02-29T14:27:57 IST" name="setup" finished-at="2024-02-29T14:28:10 IST" duration-ms="13304" status="PASS">
          <params>
            <param index="0">
              <value>
                <![CDATA[Chrome]]>
              </value>
            </param>
          </params>
          <reporter-output>
          </reporter-output>
        </test-method> <!-- setup -->
        <test-method signature="testGoogleSignIn()[pri:0, instance:testCases.TS03_GoogleSignIn@45099dd3]" started-at="2024-02-29T14:28:10 IST" name="testGoogleSignIn" finished-at="2024-02-29T14:29:03 IST" duration-ms="53157" status="PASS">
          <reporter-output>
          </reporter-output>
        </test-method> <!-- testGoogleSignIn -->
        <test-method is-config="true" signature="teardown()[pri:0, instance:testCases.TS03_GoogleSignIn@45099dd3]" started-at="2024-02-29T14:29:04 IST" name="teardown" finished-at="2024-02-29T14:29:05 IST" duration-ms="1188" status="PASS">
          <reporter-output>
          </reporter-output>
        </test-method> <!-- teardown -->
      </class> <!-- testCases.TS03_GoogleSignIn -->
      <class name="testCases.TS01_UpcomingBikes">
        <test-method is-config="true" signature="setup(java.lang.String)[pri:0, instance:testCases.TS01_UpcomingBikes@4686afc2]" started-at="2024-02-29T14:27:02 IST" name="setup" finished-at="2024-02-29T14:27:12 IST" duration-ms="9518" status="PASS">
          <params>
            <param index="0">
              <value>
                <![CDATA[Chrome]]>
              </value>
            </param>
          </params>
          <reporter-output>
          </reporter-output>
        </test-method> <!-- setup -->
        <test-method signature="upComingBikes()[pri:0, instance:testCases.TS01_UpcomingBikes@4686afc2]" started-at="2024-02-29T14:27:12 IST" name="upComingBikes" finished-at="2024-02-29T14:27:24 IST" duration-ms="12603" status="PASS">
          <reporter-output>
          </reporter-output>
        </test-method> <!-- upComingBikes -->
        <test-method is-config="true" signature="teardown()[pri:0, instance:testCases.TS01_UpcomingBikes@4686afc2]" started-at="2024-02-29T14:27:25 IST" name="teardown" finished-at="2024-02-29T14:27:26 IST" duration-ms="1214" status="PASS">
          <reporter-output>
          </reporter-output>
        </test-method> <!-- teardown -->
      </class> <!-- testCases.TS01_UpcomingBikes -->
    </test> <!-- Test -->
  </suite> <!-- Suite -->
</testng-results>
